<?xml version="1.0" encoding="UTF-8"?>
<!-- Generated by org.testng.reporters.JUnitReportReporter -->
<testsuite hostname="DESKTOP-J6AJU5Q" failures="0" tests="1" name="testcases.VerifyOmayBloghomePage" time="8.833" errors="0" timestamp="2023-05-08T17:39:27 IST" skipped="0">
  <testcase classname="testcases.VerifyOmayBloghomePage" name="VerifyOmayBloghomePage" time="8.833"/>
  <system-out>
    <![CDATA[Taste case startedVerifyOmayBloghomePage
Taste case succeddVerifyOmayBloghomePage]]>
  </system-out>
</testsuite> <!-- testcases.VerifyOmayBloghomePage -->
