<?xml version="1.0" encoding="UTF-8"?>
<!-- Generated by org.testng.reporters.JUnitReportReporter -->
<testsuite hostname="DESKTOP-J6AJU5Q" failures="0" tests="1" name="testcases.VerifyCheckboxandRadioButton" time="5.422" errors="0" timestamp="2023-05-08T17:39:27 IST" skipped="0">
  <testcase classname="testcases.VerifyCheckboxandRadioButton" name="VerifyCheckboxesAndRadioButtonsBehav" time="5.422"/>
  <system-out>
    <![CDATA[Taste case startedVerifyCheckboxesAndRadioButtonsBehav
Taste case succeddVerifyCheckboxesAndRadioButtonsBehav]]>
  </system-out>
</testsuite> <!-- testcases.VerifyCheckboxandRadioButton -->
