<?xml version="1.0" encoding="UTF-8"?>
<!-- Generated by org.testng.reporters.JUnitReportReporter -->
<testsuite hostname="DESKTOP-J6AJU5Q" failures="0" tests="1" name="testcases.VerifyNewToursRegistrationwithExcel" time="13.403" errors="0" timestamp="2023-05-08T13:54:03 IST" skipped="0">
  <testcase classname="testcases.VerifyNewToursRegistrationwithExcel" name="VerifyRegistration" time="13.403"/>
  <system-out/>
</testsuite> <!-- testcases.VerifyNewToursRegistrationwithExcel -->
