<?xml version="1.0" encoding="UTF-8"?>
<!-- Generated by org.testng.reporters.JUnitReportReporter -->
<testsuite hostname="DESKTOP-J6AJU5Q" failures="0" tests="1" name="testcases.VerifyApplicationHomePageTitle" time="8.876" errors="0" timestamp="2023-05-08T14:20:17 IST" skipped="0">
  <testcase classname="testcases.VerifyApplicationHomePageTitle" name="verifyPageTitle" time="8.876"/>
  <system-out>
    <![CDATA[Taste case startedverifyPageTitle
Taste case succeddverifyPageTitle]]>
  </system-out>
</testsuite> <!-- testcases.VerifyApplicationHomePageTitle -->
